<?xml version="1.0" encoding="UTF-8"?>
<!-- Generated by org.testng.reporters.JUnitReportReporter -->
<testsuite hostname="Jyoti" failures="0" tests="1" name="DDF_POM_TESTNG_BASE_UTILTY_CLASS.KiteLoginTest" time="4.564" errors="0" timestamp="2022-06-01T11:20:18 IST" skipped="0">
  <testcase classname="DDF_POM_TESTNG_BASE_UTILTY_CLASS.KiteLoginTest" name="test" time="4.564"/>
  <system-out/>
</testsuite> <!-- DDF_POM_TESTNG_BASE_UTILTY_CLASS.KiteLoginTest -->
