<?xml version="1.0" encoding="UTF-8"?>
<!-- Generated by org.testng.reporters.JUnitReportReporter -->
<testsuite hostname="Jyoti" failures="0" tests="3" name="TestNG.Sample3" time="0.017" errors="0" timestamp="2022-05-27T18:58:17 IST" skipped="0">
  <testcase classname="TestNG.Sample3" name="TC9" time="0.002"/>
  <system-out/>
  <testcase classname="TestNG.Sample3" name="TC8" time="0.001"/>
  <system-out/>
  <testcase classname="TestNG.Sample3" name="TC10" time="0.014"/>
  <system-out/>
</testsuite> <!-- TestNG.Sample3 -->
