<?xml version="1.0" encoding="UTF-8"?>
<!-- Generated by org.testng.reporters.JUnitReportReporter -->
<testsuite hostname="Jyoti" failures="0" tests="4" name="TestNG.TestNG_group" time="0.024" errors="0" timestamp="2022-05-28T12:42:27 IST" skipped="0">
  <testcase classname="TestNG.TestNG_group" name="TC3" time="0.017"/>
  <system-out/>
  <testcase classname="TestNG.TestNG_group" name="TC4" time="0.004"/>
  <system-out/>
  <testcase classname="TestNG.TestNG_group" name="TC5" time="0.002"/>
  <system-out/>
  <testcase classname="TestNG.TestNG_group" name="TC6" time="0.001"/>
  <system-out/>
</testsuite> <!-- TestNG.TestNG_group -->
