<?xml version="1.0" encoding="UTF-8"?>
<!-- Generated by org.testng.reporters.JUnitReportReporter -->
<testsuite hostname="Jyoti" failures="0" tests="1" name="TestNG.MultiBrowserTesting" time="93.783" errors="0" timestamp="2022-05-28T13:17:11 IST" skipped="0">
  <testcase classname="TestNG.MultiBrowserTesting" name="TC1" time="93.783"/>
  <system-out/>
</testsuite> <!-- TestNG.MultiBrowserTesting -->
