<?xml version="1.0" encoding="UTF-8"?>
<!-- Generated by org.testng.reporters.JUnitReportReporter -->
<testsuite hostname="Jyoti" failures="0" tests="4" name="TestNG.Sample2" time="0.012" errors="0" timestamp="2022-05-27T18:58:17 IST" skipped="0">
  <testcase classname="TestNG.Sample2" name="TC7" time="0.002"/>
  <system-out/>
  <testcase classname="TestNG.Sample2" name="TC4" time="0.002"/>
  <system-out/>
  <testcase classname="TestNG.Sample2" name="TC5" time="0.003"/>
  <system-out/>
  <testcase classname="TestNG.Sample2" name="TC6" time="0.005"/>
  <system-out/>
</testsuite> <!-- TestNG.Sample2 -->
