<?xml version="1.0" encoding="UTF-8"?>
<!-- Generated by org.testng.reporters.JUnitReportReporter -->
<testsuite hostname="Jyoti" failures="0" tests="1" name="TestNG.Parallel2" time="33.500" errors="0" timestamp="2022-05-27T19:31:31 IST" skipped="0">
  <testcase classname="TestNG.Parallel2" name="TC2" time="33.500"/>
  <system-out/>
</testsuite> <!-- TestNG.Parallel2 -->
