<?xml version="1.0" encoding="UTF-8"?>
<!-- Generated by org.testng.reporters.JUnitReportReporter -->
<testsuite hostname="Jyoti" failures="0" tests="3" name="TestNG.Sample1" time="0.019" errors="0" timestamp="2022-05-27T18:58:17 IST" skipped="0">
  <testcase classname="TestNG.Sample1" name="TC1" time="0.013"/>
  <system-out/>
  <testcase classname="TestNG.Sample1" name="TC2" time="0.003"/>
  <system-out/>
  <testcase classname="TestNG.Sample1" name="TC3" time="0.003"/>
  <system-out/>
</testsuite> <!-- TestNG.Sample1 -->
