<?xml version="1.0" encoding="UTF-8"?>
<!-- Generated by org.testng.reporters.JUnitReportReporter -->
<testsuite hostname="Jyoti" failures="0" tests="1" name="TestNG.TestNG_Test_Class" time="0.014" errors="0" timestamp="2022-05-23T23:41:24 IST" skipped="0">
  <testcase classname="TestNG.TestNG_Test_Class" name="Dispaly" time="0.014"/>
  <system-out>
    <![CDATA[Jyoti Ganesh Gaikwad]]>
  </system-out>
</testsuite> <!-- TestNG.TestNG_Test_Class -->
